# JRE version: OpenJDK Runtime Environment (8.0_76-b03) (build 1.8.0_76-release-b03)
# Java VM: OpenJDK 64-Bit Server VM (25.76-b03 mixed mode windows-amd64 compressed oops)
Heap:
 PSYoungGen      total 261632K, used 137771K [0x00000000e0000000, 0x00000000f8b00000, 0x0000000100000000)
  eden space 189440K, 38% used [0x00000000e0000000,0x00000000e465bf88,0x00000000eb900000)
  from space 72192K, 91% used [0x00000000eb900000,0x00000000ef92ee60,0x00000000eff80000)
  to   space 87552K, 0% used [0x00000000f3580000,0x00000000f3580000,0x00000000f8b00000)
 ParOldGen       total 198656K, used 126108K [0x00000000a0000000, 0x00000000ac200000, 0x00000000e0000000)
  object space 198656K, 63% used [0x00000000a0000000,0x00000000a7b27078,0x00000000ac200000)
 Metaspace       used 72313K, capacity 75358K, committed 80256K, reserved 1118208K
  class space    used 8971K, capacity 9385K, committed 10624K, reserved 1048576K
GC Heap History (10 events):
Event: 4148.892 GC heap before
{Heap before GC invocations=53 (full 6):
 PSYoungGen      total 224768K, used 182390K [0x00000000e0000000, 0x00000000f1580000, 0x0000000100000000)
  eden space 164864K, 100% used [0x00000000e0000000,0x00000000ea100000,0x00000000ea100000)
  from space 59904K, 29% used [0x00000000edb00000,0x00000000eec1dad0,0x00000000f1580000)
  to   space 59392K, 0% used [0x00000000ea100000,0x00000000ea100000,0x00000000edb00000)
 ParOldGen       total 198656K, used 101788K [0x00000000a0000000, 0x00000000ac200000, 0x00000000e0000000)
  object space 198656K, 51% used [0x00000000a0000000,0x00000000a6367158,0x00000000ac200000)
 Metaspace       used 70840K, capacity 73876K, committed 80256K, reserved 1118208K
  class space    used 8784K, capacity 9184K, committed 10624K, reserved 1048576K
Event: 4148.924 GC heap after
Heap after GC invocations=53 (full 6):
 PSYoungGen      total 224256K, used 40485K [0x00000000e0000000, 0x00000000f3c00000, 0x0000000100000000)
  eden space 164864K, 0% used [0x00000000e0000000,0x00000000e0000000,0x00000000ea100000)
  from space 59392K, 68% used [0x00000000ea100000,0x00000000ec8896d0,0x00000000edb00000)
  to   space 61952K, 0% used [0x00000000eff80000,0x00000000eff80000,0x00000000f3c00000)
 ParOldGen       total 198656K, used 101788K [0x00000000a0000000, 0x00000000ac200000, 0x00000000e0000000)
  object space 198656K, 51% used [0x00000000a0000000,0x00000000a6367158,0x00000000ac200000)
 Metaspace       used 70840K, capacity 73876K, committed 80256K, reserved 1118208K
  class space    used 8784K, capacity 9184K, committed 10624K, reserved 1048576K
}
Event: 4149.206 GC heap before
{Heap before GC invocations=54 (full 6):
 PSYoungGen      total 224256K, used 205349K [0x00000000e0000000, 0x00000000f3c00000, 0x0000000100000000)
  eden space 164864K, 100% used [0x00000000e0000000,0x00000000ea100000,0x00000000ea100000)
  from space 59392K, 68% used [0x00000000ea100000,0x00000000ec8896d0,0x00000000edb00000)
  to   space 61952K, 0% used [0x00000000eff80000,0x00000000eff80000,0x00000000f3c00000)
 ParOldGen       total 198656K, used 101788K [0x00000000a0000000, 0x00000000ac200000, 0x00000000e0000000)
  object space 198656K, 51% used [0x00000000a0000000,0x00000000a6367158,0x00000000ac200000)
 Metaspace       used 70857K, capacity 73876K, committed 80256K, reserved 1118208K
  class space    used 8784K, capacity 9184K, committed 10624K, reserved 1048576K
Event: 4149.252 GC heap after
Heap after GC invocations=54 (full 6):
 PSYoungGen      total 251392K, used 61932K [0x00000000e0000000, 0x00000000f5000000, 0x0000000100000000)
  eden space 189440K, 0% used [0x00000000e0000000,0x00000000e0000000,0x00000000eb900000)
  from space 61952K, 99% used [0x00000000eff80000,0x00000000f3bfb1d8,0x00000000f3c00000)
  to   space 72192K, 0% used [0x00000000eb900000,0x00000000eb900000,0x00000000eff80000)
 ParOldGen       total 198656K, used 102969K [0x00000000a0000000, 0x00000000ac200000, 0x00000000e0000000)
  object space 198656K, 51% used [0x00000000a0000000,0x00000000a648e6d0,0x00000000ac200000)
 Metaspace       used 70857K, capacity 73876K, committed 80256K, reserved 1118208K
  class space    used 8784K, capacity 9184K, committed 10624K, reserved 1048576K
}
Event: 4149.682 GC heap before
{Heap before GC invocations=55 (full 6):
 PSYoungGen      total 251392K, used 251372K [0x00000000e0000000, 0x00000000f5000000, 0x0000000100000000)
  eden space 189440K, 100% used [0x00000000e0000000,0x00000000eb900000,0x00000000eb900000)
  from space 61952K, 99% used [0x00000000eff80000,0x00000000f3bfb1d8,0x00000000f3c00000)
  to   space 72192K, 0% used [0x00000000eb900000,0x00000000eb900000,0x00000000eff80000)
 ParOldGen       total 198656K, used 102969K [0x00000000a0000000, 0x00000000ac200000, 0x00000000e0000000)
  object space 198656K, 51% used [0x00000000a0000000,0x00000000a648e6d0,0x00000000ac200000)
 Metaspace       used 70867K, capacity 73876K, committed 80256K, reserved 1118208K
  class space    used 8784K, capacity 9184K, committed 10624K, reserved 1048576K
Event: 4149.738 GC heap after
Heap after GC invocations=55 (full 6):
 PSYoungGen      total 261632K, used 72169K [0x00000000e0000000, 0x00000000f8b00000, 0x0000000100000000)
  eden space 189440K, 0% used [0x00000000e0000000,0x00000000e0000000,0x00000000eb900000)
  from space 72192K, 99% used [0x00000000eb900000,0x00000000eff7a720,0x00000000eff80000)
  to   space 87552K, 0% used [0x00000000f3580000,0x00000000f3580000,0x00000000f8b00000)
 ParOldGen       total 198656K, used 113460K [0x00000000a0000000, 0x00000000ac200000, 0x00000000e0000000)
  object space 198656K, 57% used [0x00000000a0000000,0x00000000a6ecd218,0x00000000ac200000)
 Metaspace       used 70867K, capacity 73876K, committed 80256K, reserved 1118208K
  class space    used 8784K, capacity 9184K, committed 10624K, reserved 1048576K
}
Event: 4150.036 GC heap before
{Heap before GC invocations=56 (full 6):
 PSYoungGen      total 261632K, used 261609K [0x00000000e0000000, 0x00000000f8b00000, 0x0000000100000000)
  eden space 189440K, 100% used [0x00000000e0000000,0x00000000eb900000,0x00000000eb900000)
  from space 72192K, 99% used [0x00000000eb900000,0x00000000eff7a720,0x00000000eff80000)
  to   space 87552K, 0% used [0x00000000f3580000,0x00000000f3580000,0x00000000f8b00000)
 ParOldGen       total 198656K, used 113460K [0x00000000a0000000, 0x00000000ac200000, 0x00000000e0000000)
  object space 198656K, 57% used [0x00000000a0000000,0x00000000a6ecd218,0x00000000ac200000)
 Metaspace       used 70878K, capacity 73876K, committed 80256K, reserved 1118208K
  class space    used 8784K, capacity 9184K, committed 10624K, reserved 1048576K
Event: 4150.110 GC heap after
Heap after GC invocations=56 (full 6):
 PSYoungGen      total 276992K, used 87539K [0x00000000e0000000, 0x00000000f8b00000, 0x0000000100000000)
  eden space 189440K, 0% used [0x00000000e0000000,0x00000000e0000000,0x00000000eb900000)
  from space 87552K, 99% used [0x00000000f3580000,0x00000000f8afcfe8,0x00000000f8b00000)
  to   space 72192K, 0% used [0x00000000eb900000,0x00000000eb900000,0x00000000eff80000)
 ParOldGen       total 198656K, used 115932K [0x00000000a0000000, 0x00000000ac200000, 0x00000000e0000000)
  object space 198656K, 58% used [0x00000000a0000000,0x00000000a7137320,0x00000000ac200000)
 Metaspace       used 70878K, capacity 73876K, committed 80256K, reserved 1118208K
  class space    used 8784K, capacity 9184K, committed 10624K, reserved 1048576K
}
Event: 4150.943 GC heap before
{Heap before GC invocations=57 (full 6):
 PSYoungGen      total 276992K, used 276979K [0x00000000e0000000, 0x00000000f8b00000, 0x0000000100000000)
  eden space 189440K, 100% used [0x00000000e0000000,0x00000000eb900000,0x00000000eb900000)
  from space 87552K, 99% used [0x00000000f3580000,0x00000000f8afcfe8,0x00000000f8b00000)
  to   space 72192K, 0% used [0x00000000eb900000,0x00000000eb900000,0x00000000eff80000)
 ParOldGen       total 198656K, used 115932K [0x00000000a0000000, 0x00000000ac200000, 0x00000000e0000000)
  object space 198656K, 58% used [0x00000000a0000000,0x00000000a7137320,0x00000000ac200000)
 Metaspace       used 71405K, capacity 74358K, committed 80256K, reserved 1118208K
  class space    used 8837K, capacity 9217K, committed 10624K, reserved 1048576K
Event: 4150.985 GC heap after
Heap after GC invocations=57 (full 6):
 PSYoungGen      total 261632K, used 65723K [0x00000000e0000000, 0x00000000f8b00000, 0x0000000100000000)
  eden space 189440K, 0% used [0x00000000e0000000,0x00000000e0000000,0x00000000eb900000)
  from space 72192K, 91% used [0x00000000eb900000,0x00000000ef92ee60,0x00000000eff80000)
  to   space 87552K, 0% used [0x00000000f3580000,0x00000000f3580000,0x00000000f8b00000)
 ParOldGen       total 198656K, used 126108K [0x00000000a0000000, 0x00000000ac200000, 0x00000000e0000000)
  object space 198656K, 63% used [0x00000000a0000000,0x00000000a7b27078,0x00000000ac200000)
 Metaspace       used 71405K, capacity 74358K, committed 80256K, reserved 1118208K
  class space    used 8837K, capacity 9217K, committed 10624K, reserved 1048576K
}

